This file contains any messages produced by compilers while
running configure, to aid debugging if configure makes a mistake.

It was created by OpenCacheManager configure 0.15, which was
generated by GNU Autoconf 2.64.  Invocation command line was

  $ ./configure --enable-maintainer-mode

## --------- ##
## Platform. ##
## --------- ##

hostname = tpl-campbelk
uname -m = i686
uname -r = 2.6.31-22-generic-pae
uname -s = Linux
uname -v = #60-Ubuntu SMP Thu May 27 01:40:15 UTC 2010

/usr/bin/uname -p = unknown
/bin/uname -X     = unknown

/bin/arch              = unknown
/usr/bin/arch -k       = unknown
/usr/convex/getsysinfo = unknown
/usr/bin/hostinfo      = unknown
/bin/machine           = unknown
/usr/bin/oslevel       = unknown
/bin/universe          = unknown

PATH: /usr/local/sbin
PATH: /usr/local/bin
PATH: /usr/sbin
PATH: /usr/bin
PATH: /sbin
PATH: /bin
PATH: /usr/games


## ----------- ##
## Core tests. ##
## ----------- ##

configure:1792: checking for a BSD-compatible install
configure:1860: result: /usr/bin/install -c
configure:1871: checking whether build environment is sane
configure:1921: result: yes
configure:2062: checking for a thread-safe mkdir -p
configure:2101: result: /bin/mkdir -p
configure:2114: checking for gawk
configure:2130: found /usr/bin/gawk
configure:2141: result: gawk
configure:2152: checking whether make sets $(MAKE)
configure:2174: result: yes
configure:2255: checking whether to enable maintainer-specific portions of Makefiles
configure:2264: result: yes
configure:2280: checking for pkg-config
configure:2298: found /usr/bin/pkg-config
configure:2311: result: /usr/bin/pkg-config
configure:2372: checking for gmcs
configure:2390: found /usr/bin/gmcs
configure:2403: result: /usr/bin/gmcs
configure:2587: checking pkg-config is at least version 0.9.0
configure:2590: result: yes
configure:2601: checking for GTK_SHARP_20
configure:2609: $PKG_CONFIG --exists --print-errors "gtk-sharp-2.0"
configure:2612: $? = 0
configure:2627: $PKG_CONFIG --exists --print-errors "gtk-sharp-2.0"
configure:2630: $? = 0
configure:2685: result: yes
configure:2691: checking for WEBKIT_SHARP_10
configure:2699: $PKG_CONFIG --exists --print-errors "webkit-sharp-1.0"
configure:2702: $? = 0
configure:2717: $PKG_CONFIG --exists --print-errors "webkit-sharp-1.0"
configure:2720: $? = 0
configure:2775: result: yes
configure:2781: checking for GTKHTML_SHARP_314
configure:2789: $PKG_CONFIG --exists --print-errors "gtkhtml-sharp-3.14"
configure:2792: $? = 0
configure:2807: $PKG_CONFIG --exists --print-errors "gtkhtml-sharp-3.14"
configure:2810: $? = 0
configure:2865: result: yes
configure:2871: checking for GCONF_SHARP_20
configure:2879: $PKG_CONFIG --exists --print-errors "gconf-sharp-2.0"
configure:2882: $? = 0
configure:2897: $PKG_CONFIG --exists --print-errors "gconf-sharp-2.0"
configure:2900: $? = 0
configure:2955: result: yes
configure:2961: checking for NDESK_DBUS_10
configure:2969: $PKG_CONFIG --exists --print-errors "ndesk-dbus-1.0"
configure:2972: $? = 0
configure:2987: $PKG_CONFIG --exists --print-errors "ndesk-dbus-1.0"
configure:2990: $? = 0
configure:3045: result: yes
configure:3051: checking for NDESK_DBUS_GLIB_10
configure:3059: $PKG_CONFIG --exists --print-errors "ndesk-dbus-glib-1.0"
configure:3062: $? = 0
configure:3077: $PKG_CONFIG --exists --print-errors "ndesk-dbus-glib-1.0"
configure:3080: $? = 0
configure:3135: result: yes
configure:3141: checking for GLIB_SHARP_20
configure:3149: $PKG_CONFIG --exists --print-errors "glib-sharp-2.0"
configure:3152: $? = 0
configure:3167: $PKG_CONFIG --exists --print-errors "glib-sharp-2.0"
configure:3170: $? = 0
configure:3225: result: yes
configure:3394: creating ./config.status

## ---------------------- ##
## Running config.status. ##
## ---------------------- ##

This file was extended by OpenCacheManager config.status 0.15, which was
generated by GNU Autoconf 2.64.  Invocation command line was

  CONFIG_FILES    = 
  CONFIG_HEADERS  = 
  CONFIG_LINKS    = 
  CONFIG_COMMANDS = 
  $ ./config.status 

on tpl-campbelk

config.status:779: creating ocmengine/ocmengine.pc
config.status:779: creating ocmengine/Makefile
config.status:779: creating ocm-gtk/ocm-gtk
config.status:779: creating ocm-gtk/Makefile
config.status:779: creating Makefile

## ---------------- ##
## Cache variables. ##
## ---------------- ##

ac_cv_env_GCONF_SHARP_20_CFLAGS_set=
ac_cv_env_GCONF_SHARP_20_CFLAGS_value=
ac_cv_env_GCONF_SHARP_20_LIBS_set=
ac_cv_env_GCONF_SHARP_20_LIBS_value=
ac_cv_env_GLIB_SHARP_20_CFLAGS_set=
ac_cv_env_GLIB_SHARP_20_CFLAGS_value=
ac_cv_env_GLIB_SHARP_20_LIBS_set=
ac_cv_env_GLIB_SHARP_20_LIBS_value=
ac_cv_env_GTKHTML_SHARP_314_CFLAGS_set=
ac_cv_env_GTKHTML_SHARP_314_CFLAGS_value=
ac_cv_env_GTKHTML_SHARP_314_LIBS_set=
ac_cv_env_GTKHTML_SHARP_314_LIBS_value=
ac_cv_env_GTK_SHARP_20_CFLAGS_set=
ac_cv_env_GTK_SHARP_20_CFLAGS_value=
ac_cv_env_GTK_SHARP_20_LIBS_set=
ac_cv_env_GTK_SHARP_20_LIBS_value=
ac_cv_env_NDESK_DBUS_10_CFLAGS_set=
ac_cv_env_NDESK_DBUS_10_CFLAGS_value=
ac_cv_env_NDESK_DBUS_10_LIBS_set=
ac_cv_env_NDESK_DBUS_10_LIBS_value=
ac_cv_env_NDESK_DBUS_GLIB_10_CFLAGS_set=
ac_cv_env_NDESK_DBUS_GLIB_10_CFLAGS_value=
ac_cv_env_NDESK_DBUS_GLIB_10_LIBS_set=
ac_cv_env_NDESK_DBUS_GLIB_10_LIBS_value=
ac_cv_env_PKG_CONFIG_set=
ac_cv_env_PKG_CONFIG_value=
ac_cv_env_WEBKIT_SHARP_10_CFLAGS_set=
ac_cv_env_WEBKIT_SHARP_10_CFLAGS_value=
ac_cv_env_WEBKIT_SHARP_10_LIBS_set=
ac_cv_env_WEBKIT_SHARP_10_LIBS_value=
ac_cv_env_build_alias_set=
ac_cv_env_build_alias_value=
ac_cv_env_host_alias_set=
ac_cv_env_host_alias_value=
ac_cv_env_target_alias_set=
ac_cv_env_target_alias_value=
ac_cv_path_GMCS=/usr/bin/gmcs
ac_cv_path_PKG_CONFIG=/usr/bin/pkg-config
ac_cv_path_install='/usr/bin/install -c'
ac_cv_path_mkdir=/bin/mkdir
ac_cv_prog_AWK=gawk
ac_cv_prog_make_make_set=yes
pkg_cv_GCONF_SHARP_20_CFLAGS=' '
pkg_cv_GCONF_SHARP_20_LIBS='-r:/usr/lib/cli/gconf-sharp-2.0/gconf-sharp.dll  '
pkg_cv_GLIB_SHARP_20_CFLAGS='-I:/usr/lib/pkgconfig/../../share/gapi-2.0/glib-api.xml  '
pkg_cv_GLIB_SHARP_20_LIBS='-r:/usr/lib/pkgconfig/../../lib/mono/gtk-sharp-2.0/glib-sharp.dll  '
pkg_cv_GTKHTML_SHARP_314_CFLAGS='-I:/usr/share/gtkhtml-sharp/3.14/gtkhtml-api.xml -I:/usr/lib/pkgconfig/../../share/gapi-2.0/pango-api.xml -I:/usr/lib/pkgconfig/../../share/gapi-2.0/atk-api.xml -I:/usr/lib/pkgconfig/../../share/gapi-2.0/gdk-api.xml -I:/usr/lib/pkgconfig/../../share/gapi-2.0/gtk-api.xml -I:/usr/lib/pkgconfig/../../share/gapi-2.0/glib-api.xml  '
pkg_cv_GTKHTML_SHARP_314_LIBS='-r:/usr/lib/cli/gtkhtml-sharp-3.16/gtkhtml-sharp.dll -r:/usr/lib/pkgconfig/../../lib/mono/gtk-sharp-2.0/pango-sharp.dll -r:/usr/lib/pkgconfig/../../lib/mono/gtk-sharp-2.0/atk-sharp.dll -r:/usr/lib/pkgconfig/../../lib/mono/gtk-sharp-2.0/gdk-sharp.dll -r:/usr/lib/pkgconfig/../../lib/mono/gtk-sharp-2.0/gtk-sharp.dll -r:/usr/lib/pkgconfig/../../lib/mono/gtk-sharp-2.0/glib-sharp.dll  '
pkg_cv_GTK_SHARP_20_CFLAGS='-I:/usr/lib/pkgconfig/../../share/gapi-2.0/pango-api.xml -I:/usr/lib/pkgconfig/../../share/gapi-2.0/atk-api.xml -I:/usr/lib/pkgconfig/../../share/gapi-2.0/gdk-api.xml -I:/usr/lib/pkgconfig/../../share/gapi-2.0/gtk-api.xml -I:/usr/lib/pkgconfig/../../share/gapi-2.0/glib-api.xml  '
pkg_cv_GTK_SHARP_20_LIBS='-r:/usr/lib/pkgconfig/../../lib/mono/gtk-sharp-2.0/pango-sharp.dll -r:/usr/lib/pkgconfig/../../lib/mono/gtk-sharp-2.0/atk-sharp.dll -r:/usr/lib/pkgconfig/../../lib/mono/gtk-sharp-2.0/gdk-sharp.dll -r:/usr/lib/pkgconfig/../../lib/mono/gtk-sharp-2.0/gtk-sharp.dll -r:/usr/lib/pkgconfig/../../lib/mono/gtk-sharp-2.0/glib-sharp.dll  '
pkg_cv_NDESK_DBUS_10_CFLAGS=' '
pkg_cv_NDESK_DBUS_10_LIBS='-r:/usr/lib/cli/ndesk-dbus-1.0/NDesk.DBus.dll  '
pkg_cv_NDESK_DBUS_GLIB_10_CFLAGS=' '
pkg_cv_NDESK_DBUS_GLIB_10_LIBS='-r:/usr/lib/cli/ndesk-dbus-glib-1.0/NDesk.DBus.GLib.dll -r:/usr/lib/cli/ndesk-dbus-1.0/NDesk.DBus.dll  '
pkg_cv_WEBKIT_SHARP_10_CFLAGS='-I:/usr/lib/pkgconfig/../../share/gapi-2.0/pango-api.xml -I:/usr/lib/pkgconfig/../../share/gapi-2.0/atk-api.xml -I:/usr/lib/pkgconfig/../../share/gapi-2.0/gdk-api.xml -I:/usr/lib/pkgconfig/../../share/gapi-2.0/gtk-api.xml -I:/usr/lib/pkgconfig/../../share/gapi-2.0/glib-api.xml  '
pkg_cv_WEBKIT_SHARP_10_LIBS='-r:/usr/lib/cli/webkit-sharp-1.0/webkit-sharp.dll -r:/usr/lib/pkgconfig/../../lib/mono/gtk-sharp-2.0/pango-sharp.dll -r:/usr/lib/pkgconfig/../../lib/mono/gtk-sharp-2.0/atk-sharp.dll -r:/usr/lib/pkgconfig/../../lib/mono/gtk-sharp-2.0/gdk-sharp.dll -r:/usr/lib/pkgconfig/../../lib/mono/gtk-sharp-2.0/gtk-sharp.dll -r:/usr/lib/pkgconfig/../../lib/mono/gtk-sharp-2.0/glib-sharp.dll  '

## ----------------- ##
## Output variables. ##
## ----------------- ##

ACLOCAL='${SHELL} /home/campbelk/svn_temp/ocm/OpenCacheManager/missing --run aclocal-1.11'
AMTAR='${SHELL} /home/campbelk/svn_temp/ocm/OpenCacheManager/missing --run tar'
AUTOCONF='${SHELL} /home/campbelk/svn_temp/ocm/OpenCacheManager/missing --run autoconf'
AUTOHEADER='${SHELL} /home/campbelk/svn_temp/ocm/OpenCacheManager/missing --run autoheader'
AUTOMAKE='${SHELL} /home/campbelk/svn_temp/ocm/OpenCacheManager/missing --run automake-1.11'
AWK='gawk'
CYGPATH_W='echo'
DEFS='-DPACKAGE_NAME=\"OpenCacheManager\" -DPACKAGE_TARNAME=\"opencachemanager\" -DPACKAGE_VERSION=\"0.15\" -DPACKAGE_STRING=\"OpenCacheManager\ 0.15\" -DPACKAGE_BUGREPORT=\"\" -DPACKAGE_URL=\"\" -DPACKAGE=\"opencachemanager\" -DVERSION=\"0.15\"'
ECHO_C=''
ECHO_N='-n'
ECHO_T=''
ENABLE_DEBUG_FALSE='#'
ENABLE_DEBUG_TRUE=''
ENABLE_DEFAULT_FALSE=''
ENABLE_DEFAULT_TRUE='#'
ENABLE_RELEASE_FALSE=''
ENABLE_RELEASE_TRUE='#'
GCONF_SHARP_20_CFLAGS=' '
GCONF_SHARP_20_LIBS='-r:/usr/lib/cli/gconf-sharp-2.0/gconf-sharp.dll  '
GLIB_SHARP_20_CFLAGS='-I:/usr/lib/pkgconfig/../../share/gapi-2.0/glib-api.xml  '
GLIB_SHARP_20_LIBS='-r:/usr/lib/pkgconfig/../../lib/mono/gtk-sharp-2.0/glib-sharp.dll  '
GMCS='/usr/bin/gmcs'
GTKHTML_SHARP_314_CFLAGS='-I:/usr/share/gtkhtml-sharp/3.14/gtkhtml-api.xml -I:/usr/lib/pkgconfig/../../share/gapi-2.0/pango-api.xml -I:/usr/lib/pkgconfig/../../share/gapi-2.0/atk-api.xml -I:/usr/lib/pkgconfig/../../share/gapi-2.0/gdk-api.xml -I:/usr/lib/pkgconfig/../../share/gapi-2.0/gtk-api.xml -I:/usr/lib/pkgconfig/../../share/gapi-2.0/glib-api.xml  '
GTKHTML_SHARP_314_LIBS='-r:/usr/lib/cli/gtkhtml-sharp-3.16/gtkhtml-sharp.dll -r:/usr/lib/pkgconfig/../../lib/mono/gtk-sharp-2.0/pango-sharp.dll -r:/usr/lib/pkgconfig/../../lib/mono/gtk-sharp-2.0/atk-sharp.dll -r:/usr/lib/pkgconfig/../../lib/mono/gtk-sharp-2.0/gdk-sharp.dll -r:/usr/lib/pkgconfig/../../lib/mono/gtk-sharp-2.0/gtk-sharp.dll -r:/usr/lib/pkgconfig/../../lib/mono/gtk-sharp-2.0/glib-sharp.dll  '
GTK_SHARP_20_CFLAGS='-I:/usr/lib/pkgconfig/../../share/gapi-2.0/pango-api.xml -I:/usr/lib/pkgconfig/../../share/gapi-2.0/atk-api.xml -I:/usr/lib/pkgconfig/../../share/gapi-2.0/gdk-api.xml -I:/usr/lib/pkgconfig/../../share/gapi-2.0/gtk-api.xml -I:/usr/lib/pkgconfig/../../share/gapi-2.0/glib-api.xml  '
GTK_SHARP_20_LIBS='-r:/usr/lib/pkgconfig/../../lib/mono/gtk-sharp-2.0/pango-sharp.dll -r:/usr/lib/pkgconfig/../../lib/mono/gtk-sharp-2.0/atk-sharp.dll -r:/usr/lib/pkgconfig/../../lib/mono/gtk-sharp-2.0/gdk-sharp.dll -r:/usr/lib/pkgconfig/../../lib/mono/gtk-sharp-2.0/gtk-sharp.dll -r:/usr/lib/pkgconfig/../../lib/mono/gtk-sharp-2.0/glib-sharp.dll  '
INSTALL_DATA='${INSTALL} -m 644'
INSTALL_PROGRAM='${INSTALL}'
INSTALL_SCRIPT='${INSTALL}'
INSTALL_STRIP_PROGRAM='$(install_sh) -c -s'
LIBOBJS=''
LIBS=''
LTLIBOBJS=''
MAINT=''
MAINTAINER_MODE_FALSE='#'
MAINTAINER_MODE_TRUE=''
MAKEINFO='${SHELL} /home/campbelk/svn_temp/ocm/OpenCacheManager/missing --run makeinfo'
MKDIR_P='/bin/mkdir -p'
NDESK_DBUS_10_CFLAGS=' '
NDESK_DBUS_10_LIBS='-r:/usr/lib/cli/ndesk-dbus-1.0/NDesk.DBus.dll  '
NDESK_DBUS_GLIB_10_CFLAGS=' '
NDESK_DBUS_GLIB_10_LIBS='-r:/usr/lib/cli/ndesk-dbus-glib-1.0/NDesk.DBus.GLib.dll -r:/usr/lib/cli/ndesk-dbus-1.0/NDesk.DBus.dll  '
PACKAGE='opencachemanager'
PACKAGE_BUGREPORT=''
PACKAGE_NAME='OpenCacheManager'
PACKAGE_STRING='OpenCacheManager 0.15'
PACKAGE_TARNAME='opencachemanager'
PACKAGE_URL=''
PACKAGE_VERSION='0.15'
PATH_SEPARATOR=':'
PKG_CONFIG='/usr/bin/pkg-config'
SET_MAKE=''
SHELL='/bin/bash'
STRIP=''
VERSION='0.15'
WEBKIT_SHARP_10_CFLAGS='-I:/usr/lib/pkgconfig/../../share/gapi-2.0/pango-api.xml -I:/usr/lib/pkgconfig/../../share/gapi-2.0/atk-api.xml -I:/usr/lib/pkgconfig/../../share/gapi-2.0/gdk-api.xml -I:/usr/lib/pkgconfig/../../share/gapi-2.0/gtk-api.xml -I:/usr/lib/pkgconfig/../../share/gapi-2.0/glib-api.xml  '
WEBKIT_SHARP_10_LIBS='-r:/usr/lib/cli/webkit-sharp-1.0/webkit-sharp.dll -r:/usr/lib/pkgconfig/../../lib/mono/gtk-sharp-2.0/pango-sharp.dll -r:/usr/lib/pkgconfig/../../lib/mono/gtk-sharp-2.0/atk-sharp.dll -r:/usr/lib/pkgconfig/../../lib/mono/gtk-sharp-2.0/gdk-sharp.dll -r:/usr/lib/pkgconfig/../../lib/mono/gtk-sharp-2.0/gtk-sharp.dll -r:/usr/lib/pkgconfig/../../lib/mono/gtk-sharp-2.0/glib-sharp.dll  '
am__isrc=''
am__leading_dot='.'
am__tar='${AMTAR} chof - "$$tardir"'
am__untar='${AMTAR} xf -'
bindir='${exec_prefix}/bin'
build_alias=''
datadir='${datarootdir}'
datarootdir='${prefix}/share'
docdir='${datarootdir}/doc/${PACKAGE_TARNAME}'
dvidir='${docdir}'
exec_prefix='/usr/local'
expanded_bindir='/usr/local/bin'
expanded_datadir='/usr/local/share'
expanded_libdir='/usr/local/lib'
host_alias=''
htmldir='${docdir}'
includedir='${prefix}/include'
infodir='${datarootdir}/info'
install_sh='${SHELL} /home/campbelk/svn_temp/ocm/OpenCacheManager/install-sh'
libdir='${exec_prefix}/lib'
libexecdir='${exec_prefix}/libexec'
localedir='${datarootdir}/locale'
localstatedir='${prefix}/var'
mandir='${datarootdir}/man'
mkdir_p='/bin/mkdir -p'
oldincludedir='/usr/include'
pdfdir='${docdir}'
prefix='/usr/local'
program_transform_name='s,x,x,'
psdir='${docdir}'
sbindir='${exec_prefix}/sbin'
sharedstatedir='${prefix}/com'
sysconfdir='${prefix}/etc'
target_alias=''

## ----------- ##
## confdefs.h. ##
## ----------- ##

/* confdefs.h */
#define PACKAGE_NAME "OpenCacheManager"
#define PACKAGE_TARNAME "opencachemanager"
#define PACKAGE_VERSION "0.15"
#define PACKAGE_STRING "OpenCacheManager 0.15"
#define PACKAGE_BUGREPORT ""
#define PACKAGE_URL ""
#define PACKAGE "opencachemanager"
#define VERSION "0.15"

configure: exit 0
